May 30, 2017 9:43:06 PM org.apache.catalina.core.ApplicationContext log
INFO: ContextListener: contextInitialized()
May 30, 2017 9:43:06 PM org.apache.catalina.core.ApplicationContext log
INFO: SessionListener: contextInitialized()
May 30, 2017 9:43:06 PM org.apache.catalina.core.ApplicationContext log
INFO: ContextListener: attributeAdded('org.apache.jasper.compiler.TldLocationsCache', 'org.apache.jasper.compiler.TldLocationsCache@1a89ebe0')
May 30, 2017 10:35:48 PM org.apache.catalina.core.ApplicationContext log
INFO: SessionListener: contextDestroyed()
May 30, 2017 10:35:48 PM org.apache.catalina.core.ApplicationContext log
INFO: ContextListener: contextDestroyed()
May 30, 2017 10:45:56 PM org.apache.catalina.core.ApplicationContext log
INFO: ContextListener: contextInitialized()
May 30, 2017 10:45:56 PM org.apache.catalina.core.ApplicationContext log
INFO: SessionListener: contextInitialized()
May 30, 2017 10:45:56 PM org.apache.catalina.core.ApplicationContext log
INFO: ContextListener: attributeAdded('org.apache.jasper.compiler.TldLocationsCache', 'org.apache.jasper.compiler.TldLocationsCache@16392a29')
May 30, 2017 10:46:44 PM org.apache.catalina.core.ApplicationContext log
INFO: SessionListener: contextDestroyed()
May 30, 2017 10:46:44 PM org.apache.catalina.core.ApplicationContext log
INFO: ContextListener: contextDestroyed()
